This file contains any messages produced by compilers while
running configure, to aid debugging if configure makes a mistake.

It was created by ubiquity configure 2.21, which was
generated by GNU Autoconf 2.71.  Invocation command line was

  $ ./configure --build=x86_64-linux-gnu --prefix=/usr '--includedir=${prefix}/include' '--mandir=${prefix}/share/man' '--infodir=${prefix}/share/info' --sysconfdir=/etc --localstatedir=/var --disable-option-checking --disable-silent-rules '--libdir=${prefix}/lib/x86_64-linux-gnu' '--libexecdir=${prefix}/lib/x86_64-linux-gnu' --disable-maintainer-mode --disable-dependency-tracking '--libexecdir=${prefix}/lib' build_alias=x86_64-linux-gnu 'CFLAGS=-g -O2 -ffile-prefix-map=/home/hamonikr/workspaces/tmp/ubiquity-22.04.20=. -flto=auto -ffat-lto-objects -flto=auto -ffat-lto-objects -fstack-protector-strong -Wformat -Werror=format-security' 'LDFLAGS=-Wl,-Bsymbolic-functions -flto=auto -ffat-lto-objects -flto=auto -Wl,-z,relro' 'CPPFLAGS=-Wdate-time -D_FORTIFY_SOURCE=2' --no-create --no-recursion

## --------- ##
## Platform. ##
## --------- ##

hostname = uc2204
uname -m = x86_64
uname -r = 6.2.0-32-generic
uname -s = Linux
uname -v = #32~22.04.1-Ubuntu SMP PREEMPT_DYNAMIC Fri Aug 18 10:40:13 UTC 2

/usr/bin/uname -p = x86_64
/bin/uname -X     = unknown

/bin/arch              = x86_64
/usr/bin/arch -k       = unknown
/usr/convex/getsysinfo = unknown
/usr/bin/hostinfo      = unknown
/bin/machine           = unknown
/usr/bin/oslevel       = unknown
/bin/universe          = unknown

PATH: /usr/local/sbin/
PATH: /usr/local/bin/
PATH: /usr/sbin/
PATH: /usr/bin/
PATH: /sbin/
PATH: /bin/
PATH: /usr/games/
PATH: /usr/local/games/
PATH: /snap/bin/


## ----------- ##
## Core tests. ##
## ----------- ##

configure:2509: looking for aux files: config.rpath compile config.guess config.sub ltmain.sh missing install-sh
configure:2522:  trying ./build/
configure:2551:   ./build/config.rpath found
configure:2551:   ./build/compile found
configure:2551:   ./build/config.guess found
configure:2551:   ./build/config.sub found
configure:2551:   ./build/ltmain.sh found
configure:2551:   ./build/missing found
configure:2533:   ./build/install-sh found
configure:2683: checking for a BSD-compatible install
configure:2756: result: /usr/bin/install -c
configure:2767: checking whether build environment is sane
configure:2822: result: yes
configure:2981: checking for a race-free mkdir -p
configure:3025: result: /usr/bin/mkdir -p
configure:3032: checking for gawk
configure:3053: found /usr/bin/gawk
configure:3064: result: gawk
configure:3075: checking whether make sets $(MAKE)
configure:3098: result: yes
configure:3128: checking whether make supports nested variables
configure:3146: result: yes
configure:3287: checking whether to enable maintainer-specific portions of Makefiles
configure:3297: result: no
configure:3343: checking build system type
configure:3358: result: x86_64-pc-linux-gnu
configure:3378: checking host system type
configure:3392: result: x86_64-pc-linux-gnu
configure:3433: checking how to print strings
configure:3460: result: printf
configure:3494: checking whether make supports the include directive
configure:3509: make -f confmf.GNU && cat confinc.out
make[3]: Entering directory '/home/hamonikr/workspaces/ubiquity'
make[3]: Leaving directory '/home/hamonikr/workspaces/ubiquity'
this is the am__doit target
configure:3512: $? = 0
configure:3531: result: yes (GNU style)
configure:3607: checking for gcc
configure:3628: found /usr/bin/gcc
configure:3639: result: gcc
configure:3992: checking for C compiler version
configure:4001: gcc --version >&5
gcc (Ubuntu 11.4.0-1ubuntu1~22.04) 11.4.0
Copyright (C) 2021 Free Software Foundation, Inc.
This is free software; see the source for copying conditions.  There is NO
warranty; not even for MERCHANTABILITY or FITNESS FOR A PARTICULAR PURPOSE.

configure:4012: $? = 0
configure:4001: gcc -v >&5
Using built-in specs.
COLLECT_GCC=gcc
COLLECT_LTO_WRAPPER=/usr/lib/gcc/x86_64-linux-gnu/11/lto-wrapper
OFFLOAD_TARGET_NAMES=nvptx-none:amdgcn-amdhsa
OFFLOAD_TARGET_DEFAULT=1
Target: x86_64-linux-gnu
Configured with: ../src/configure -v --with-pkgversion='Ubuntu 11.4.0-1ubuntu1~22.04' --with-bugurl=file:///usr/share/doc/gcc-11/README.Bugs --enable-languages=c,ada,c++,go,brig,d,fortran,objc,obj-c++,m2 --prefix=/usr --with-gcc-major-version-only --program-suffix=-11 --program-prefix=x86_64-linux-gnu- --enable-shared --enable-linker-build-id --libexecdir=/usr/lib --without-included-gettext --enable-threads=posix --libdir=/usr/lib --enable-nls --enable-bootstrap --enable-clocale=gnu --enable-libstdcxx-debug --enable-libstdcxx-time=yes --with-default-libstdcxx-abi=new --enable-gnu-unique-object --disable-vtable-verify --enable-plugin --enable-default-pie --with-system-zlib --enable-libphobos-checking=release --with-target-system-zlib=auto --enable-objc-gc=auto --enable-multiarch --disable-werror --enable-cet --with-arch-32=i686 --with-abi=m64 --with-multilib-list=m32,m64,mx32 --enable-multilib --with-tune=generic --enable-offload-targets=nvptx-none=/build/gcc-11-XeT9lY/gcc-11-11.4.0/debian/tmp-nvptx/usr,amdgcn-amdhsa=/build/gcc-11-XeT9lY/gcc-11-11.4.0/debian/tmp-gcn/usr --without-cuda-driver --enable-checking=release --build=x86_64-linux-gnu --host=x86_64-linux-gnu --target=x86_64-linux-gnu --with-build-config=bootstrap-lto-lean --enable-link-serialization=2
Thread model: posix
Supported LTO compression algorithms: zlib zstd
gcc version 11.4.0 (Ubuntu 11.4.0-1ubuntu1~22.04) 
... rest of stderr output deleted ...
configure:4012: $? = 0
configure:4001: gcc -V >&5
gcc: error: unrecognized command-line option '-V'
gcc: fatal error: no input files
compilation terminated.
configure:4012: $? = 1
configure:4001: gcc -qversion >&5
gcc: error: unrecognized command-line option '-qversion'; did you mean '--version'?
gcc: fatal error: no input files
compilation terminated.
configure:4012: $? = 1
configure:4001: gcc -version >&5
gcc: error: unrecognized command-line option '-version'
gcc: fatal error: no input files
compilation terminated.
configure:4012: $? = 1
configure:4032: checking whether the C compiler works
configure:4054: gcc -g -O2 -ffile-prefix-map=/home/hamonikr/workspaces/tmp/ubiquity-22.04.20=. -flto=auto -ffat-lto-objects -flto=auto -ffat-lto-objects -fstack-protector-strong -Wformat -Werror=format-security -Wdate-time -D_FORTIFY_SOURCE=2 -Wl,-Bsymbolic-functions -flto=auto -ffat-lto-objects -flto=auto -Wl,-z,relro conftest.c  >&5
configure:4058: $? = 0
configure:4108: result: yes
configure:4111: checking for C compiler default output file name
configure:4113: result: a.out
configure:4119: checking for suffix of executables
configure:4126: gcc -o conftest -g -O2 -ffile-prefix-map=/home/hamonikr/workspaces/tmp/ubiquity-22.04.20=. -flto=auto -ffat-lto-objects -flto=auto -ffat-lto-objects -fstack-protector-strong -Wformat -Werror=format-security -Wdate-time -D_FORTIFY_SOURCE=2 -Wl,-Bsymbolic-functions -flto=auto -ffat-lto-objects -flto=auto -Wl,-z,relro conftest.c  >&5
configure:4130: $? = 0
configure:4153: result: 
configure:4175: checking whether we are cross compiling
configure:4183: gcc -o conftest -g -O2 -ffile-prefix-map=/home/hamonikr/workspaces/tmp/ubiquity-22.04.20=. -flto=auto -ffat-lto-objects -flto=auto -ffat-lto-objects -fstack-protector-strong -Wformat -Werror=format-security -Wdate-time -D_FORTIFY_SOURCE=2 -Wl,-Bsymbolic-functions -flto=auto -ffat-lto-objects -flto=auto -Wl,-z,relro conftest.c  >&5
configure:4187: $? = 0
configure:4194: ./conftest
configure:4198: $? = 0
configure:4213: result: no
configure:4218: checking for suffix of object files
configure:4241: gcc -c -g -O2 -ffile-prefix-map=/home/hamonikr/workspaces/tmp/ubiquity-22.04.20=. -flto=auto -ffat-lto-objects -flto=auto -ffat-lto-objects -fstack-protector-strong -Wformat -Werror=format-security -Wdate-time -D_FORTIFY_SOURCE=2 conftest.c >&5
configure:4245: $? = 0
configure:4267: result: o
configure:4271: checking whether the compiler supports GNU C
configure:4291: gcc -c -g -O2 -ffile-prefix-map=/home/hamonikr/workspaces/tmp/ubiquity-22.04.20=. -flto=auto -ffat-lto-objects -flto=auto -ffat-lto-objects -fstack-protector-strong -Wformat -Werror=format-security -Wdate-time -D_FORTIFY_SOURCE=2 conftest.c >&5
configure:4291: $? = 0
configure:4301: result: yes
configure:4312: checking whether gcc accepts -g
configure:4333: gcc -c -g -Wdate-time -D_FORTIFY_SOURCE=2 conftest.c >&5
configure:4333: $? = 0
configure:4377: result: yes
configure:4397: checking for gcc option to enable C11 features
configure:4412: gcc  -c -g -O2 -ffile-prefix-map=/home/hamonikr/workspaces/tmp/ubiquity-22.04.20=. -flto=auto -ffat-lto-objects -flto=auto -ffat-lto-objects -fstack-protector-strong -Wformat -Werror=format-security -Wdate-time -D_FORTIFY_SOURCE=2 conftest.c >&5
configure:4412: $? = 0
configure:4430: result: none needed
configure:4546: checking whether gcc understands -c and -o together
configure:4569: gcc -c conftest.c -o conftest2.o
configure:4572: $? = 0
configure:4569: gcc -c conftest.c -o conftest2.o
configure:4572: $? = 0
configure:4584: result: yes
configure:4603: checking dependency style of gcc
configure:4715: result: none
configure:4730: checking for a sed that does not truncate output
configure:4800: result: /usr/bin/sed
configure:4818: checking for grep that handles long lines and -e
configure:4882: result: /usr/bin/grep
configure:4887: checking for egrep
configure:4955: result: /usr/bin/grep -E
configure:4960: checking for fgrep
configure:5028: result: /usr/bin/grep -F
configure:5064: checking for ld used by gcc
configure:5132: result: /usr/bin/ld
configure:5139: checking if the linker (/usr/bin/ld) is GNU ld
configure:5155: result: yes
configure:5167: checking for BSD- or MS-compatible name lister (nm)
configure:5222: result: /usr/bin/nm -B
configure:5362: checking the name lister (/usr/bin/nm -B) interface
configure:5370: gcc -c -g -O2 -ffile-prefix-map=/home/hamonikr/workspaces/tmp/ubiquity-22.04.20=. -flto=auto -ffat-lto-objects -flto=auto -ffat-lto-objects -fstack-protector-strong -Wformat -Werror=format-security -Wdate-time -D_FORTIFY_SOURCE=2 conftest.c >&5
configure:5373: /usr/bin/nm -B "conftest.o"
configure:5376: output
00000000 B some_variable
configure:5383: result: BSD nm
configure:5386: checking whether ln -s works
configure:5390: result: yes
configure:5398: checking the maximum length of command line arguments
configure:5530: result: 1572864
configure:5578: checking how to convert x86_64-pc-linux-gnu file names to x86_64-pc-linux-gnu format
configure:5619: result: func_convert_file_noop
configure:5626: checking how to convert x86_64-pc-linux-gnu file names to toolchain format
configure:5647: result: func_convert_file_noop
configure:5654: checking for /usr/bin/ld option to reload object files
configure:5662: result: -r
configure:5741: checking for objdump
configure:5762: found /usr/bin/objdump
configure:5773: result: objdump
configure:5805: checking how to recognize dependent libraries
configure:6006: result: pass_all
configure:6096: checking for dlltool
configure:6131: result: no
configure:6161: checking how to associate runtime and link libraries
configure:6189: result: printf %s\n
configure:6255: checking for ar
configure:6276: found /usr/bin/ar
configure:6287: result: ar
configure:6324: checking for archiver @FILE support
configure:6342: gcc -c -g -O2 -ffile-prefix-map=/home/hamonikr/workspaces/tmp/ubiquity-22.04.20=. -flto=auto -ffat-lto-objects -flto=auto -ffat-lto-objects -fstack-protector-strong -Wformat -Werror=format-security -Wdate-time -D_FORTIFY_SOURCE=2 conftest.c >&5
configure:6342: $? = 0
configure:6346: ar cr libconftest.a @conftest.lst >&5
configure:6349: $? = 0
configure:6354: ar cr libconftest.a @conftest.lst >&5
ar: conftest.o: No such file or directory
configure:6357: $? = 1
configure:6369: result: @
configure:6432: checking for strip
configure:6453: found /usr/bin/strip
configure:6464: result: strip
configure:6541: checking for ranlib
configure:6562: found /usr/bin/ranlib
configure:6573: result: ranlib
configure:6675: checking command to parse /usr/bin/nm -B output from gcc object
configure:6829: gcc -c -g -O2 -ffile-prefix-map=/home/hamonikr/workspaces/tmp/ubiquity-22.04.20=. -flto=auto -ffat-lto-objects -flto=auto -ffat-lto-objects -fstack-protector-strong -Wformat -Werror=format-security -Wdate-time -D_FORTIFY_SOURCE=2 conftest.c >&5
configure:6832: $? = 0
configure:6836: /usr/bin/nm -B conftest.o | sed -n -e 's/^.*[	 ]\([ABCDGIRSTW][ABCDGIRSTW]*\)[	 ][	 ]*\([_A-Za-z][_A-Za-z0-9]*\)$/\1 \2 \2/p' | sed '/ __gnu_lto/d' > conftest.nm
configure:6902: gcc -o conftest -g -O2 -ffile-prefix-map=/home/hamonikr/workspaces/tmp/ubiquity-22.04.20=. -flto=auto -ffat-lto-objects -flto=auto -ffat-lto-objects -fstack-protector-strong -Wformat -Werror=format-security -Wdate-time -D_FORTIFY_SOURCE=2 -Wl,-Bsymbolic-functions -flto=auto -ffat-lto-objects -flto=auto -Wl,-z,relro conftest.c conftstm.o >&5
configure:6905: $? = 0
configure:6943: result: ok
configure:6990: checking for sysroot
configure:7021: result: no
configure:7028: checking for a working dd
configure:7072: result: /usr/bin/dd
configure:7076: checking how to truncate binary pipes
configure:7092: result: /usr/bin/dd bs=4096 count=1
configure:7229: gcc -c -g -O2 -ffile-prefix-map=/home/hamonikr/workspaces/tmp/ubiquity-22.04.20=. -flto=auto -ffat-lto-objects -flto=auto -ffat-lto-objects -fstack-protector-strong -Wformat -Werror=format-security -Wdate-time -D_FORTIFY_SOURCE=2 conftest.c >&5
configure:7232: $? = 0
configure:7429: checking for mt
configure:7450: found /usr/bin/mt
configure:7461: result: mt
configure:7484: checking if mt is a manifest tool
configure:7491: mt '-?'
configure:7499: result: no
configure:8229: checking for stdio.h
configure:8229: gcc -c -g -O2 -ffile-prefix-map=/home/hamonikr/workspaces/tmp/ubiquity-22.04.20=. -flto=auto -ffat-lto-objects -flto=auto -ffat-lto-objects -fstack-protector-strong -Wformat -Werror=format-security -Wdate-time -D_FORTIFY_SOURCE=2 conftest.c >&5
configure:8229: $? = 0
configure:8229: result: yes
configure:8229: checking for stdlib.h
configure:8229: gcc -c -g -O2 -ffile-prefix-map=/home/hamonikr/workspaces/tmp/ubiquity-22.04.20=. -flto=auto -ffat-lto-objects -flto=auto -ffat-lto-objects -fstack-protector-strong -Wformat -Werror=format-security -Wdate-time -D_FORTIFY_SOURCE=2 conftest.c >&5
configure:8229: $? = 0
configure:8229: result: yes
configure:8229: checking for string.h
configure:8229: gcc -c -g -O2 -ffile-prefix-map=/home/hamonikr/workspaces/tmp/ubiquity-22.04.20=. -flto=auto -ffat-lto-objects -flto=auto -ffat-lto-objects -fstack-protector-strong -Wformat -Werror=format-security -Wdate-time -D_FORTIFY_SOURCE=2 conftest.c >&5
configure:8229: $? = 0
configure:8229: result: yes
configure:8229: checking for inttypes.h
configure:8229: gcc -c -g -O2 -ffile-prefix-map=/home/hamonikr/workspaces/tmp/ubiquity-22.04.20=. -flto=auto -ffat-lto-objects -flto=auto -ffat-lto-objects -fstack-protector-strong -Wformat -Werror=format-security -Wdate-time -D_FORTIFY_SOURCE=2 conftest.c >&5
configure:8229: $? = 0
configure:8229: result: yes
configure:8229: checking for stdint.h
configure:8229: gcc -c -g -O2 -ffile-prefix-map=/home/hamonikr/workspaces/tmp/ubiquity-22.04.20=. -flto=auto -ffat-lto-objects -flto=auto -ffat-lto-objects -fstack-protector-strong -Wformat -Werror=format-security -Wdate-time -D_FORTIFY_SOURCE=2 conftest.c >&5
configure:8229: $? = 0
configure:8229: result: yes
configure:8229: checking for strings.h
configure:8229: gcc -c -g -O2 -ffile-prefix-map=/home/hamonikr/workspaces/tmp/ubiquity-22.04.20=. -flto=auto -ffat-lto-objects -flto=auto -ffat-lto-objects -fstack-protector-strong -Wformat -Werror=format-security -Wdate-time -D_FORTIFY_SOURCE=2 conftest.c >&5
configure:8229: $? = 0
configure:8229: result: yes
configure:8229: checking for sys/stat.h
configure:8229: gcc -c -g -O2 -ffile-prefix-map=/home/hamonikr/workspaces/tmp/ubiquity-22.04.20=. -flto=auto -ffat-lto-objects -flto=auto -ffat-lto-objects -fstack-protector-strong -Wformat -Werror=format-security -Wdate-time -D_FORTIFY_SOURCE=2 conftest.c >&5
configure:8229: $? = 0
configure:8229: result: yes
configure:8229: checking for sys/types.h
configure:8229: gcc -c -g -O2 -ffile-prefix-map=/home/hamonikr/workspaces/tmp/ubiquity-22.04.20=. -flto=auto -ffat-lto-objects -flto=auto -ffat-lto-objects -fstack-protector-strong -Wformat -Werror=format-security -Wdate-time -D_FORTIFY_SOURCE=2 conftest.c >&5
configure:8229: $? = 0
configure:8229: result: yes
configure:8229: checking for unistd.h
configure:8229: gcc -c -g -O2 -ffile-prefix-map=/home/hamonikr/workspaces/tmp/ubiquity-22.04.20=. -flto=auto -ffat-lto-objects -flto=auto -ffat-lto-objects -fstack-protector-strong -Wformat -Werror=format-security -Wdate-time -D_FORTIFY_SOURCE=2 conftest.c >&5
configure:8229: $? = 0
configure:8229: result: yes
configure:8254: checking for dlfcn.h
configure:8254: gcc -c -g -O2 -ffile-prefix-map=/home/hamonikr/workspaces/tmp/ubiquity-22.04.20=. -flto=auto -ffat-lto-objects -flto=auto -ffat-lto-objects -fstack-protector-strong -Wformat -Werror=format-security -Wdate-time -D_FORTIFY_SOURCE=2 conftest.c >&5
configure:8254: $? = 0
configure:8254: result: yes
configure:8513: checking for objdir
configure:8529: result: .libs
configure:8793: checking if gcc supports -fno-rtti -fno-exceptions
configure:8812: gcc -c -g -O2 -ffile-prefix-map=/home/hamonikr/workspaces/tmp/ubiquity-22.04.20=. -flto=auto -ffat-lto-objects -flto=auto -ffat-lto-objects -fstack-protector-strong -Wformat -Werror=format-security -Wdate-time -D_FORTIFY_SOURCE=2 -fno-rtti -fno-exceptions conftest.c >&5
cc1: warning: command-line option '-fno-rtti' is valid for C++/D/ObjC++ but not for C
configure:8816: $? = 0
configure:8829: result: no
configure:9193: checking for gcc option to produce PIC
configure:9201: result: -fPIC -DPIC
configure:9209: checking if gcc PIC flag -fPIC -DPIC works
configure:9228: gcc -c -g -O2 -ffile-prefix-map=/home/hamonikr/workspaces/tmp/ubiquity-22.04.20=. -flto=auto -ffat-lto-objects -flto=auto -ffat-lto-objects -fstack-protector-strong -Wformat -Werror=format-security -Wdate-time -D_FORTIFY_SOURCE=2 -fPIC -DPIC -DPIC conftest.c >&5
configure:9232: $? = 0
configure:9245: result: yes
configure:9274: checking if gcc static flag -static works
configure:9303: result: yes
configure:9318: checking if gcc supports -c -o file.o
configure:9340: gcc -c -g -O2 -ffile-prefix-map=/home/hamonikr/workspaces/tmp/ubiquity-22.04.20=. -flto=auto -ffat-lto-objects -flto=auto -ffat-lto-objects -fstack-protector-strong -Wformat -Werror=format-security -Wdate-time -D_FORTIFY_SOURCE=2 -o out/conftest2.o conftest.c >&5
configure:9344: $? = 0
configure:9366: result: yes
configure:9374: checking if gcc supports -c -o file.o
configure:9422: result: yes
configure:9455: checking whether the gcc linker (/usr/bin/ld -m elf_x86_64) supports shared libraries
configure:10725: result: yes
configure:10762: checking whether -lc should be explicitly linked in
configure:10771: gcc -c -g -O2 -ffile-prefix-map=/home/hamonikr/workspaces/tmp/ubiquity-22.04.20=. -flto=auto -ffat-lto-objects -flto=auto -ffat-lto-objects -fstack-protector-strong -Wformat -Werror=format-security -Wdate-time -D_FORTIFY_SOURCE=2 conftest.c >&5
configure:10774: $? = 0
configure:10789: gcc -shared  -fPIC -DPIC conftest.o  -v -Wl,-soname -Wl,conftest -o conftest 2\>\&1 \| /usr/bin/grep  -lc  \>/dev/null 2\>\&1
configure:10792: $? = 0
configure:10806: result: no
configure:10966: checking dynamic linker characteristics
configure:11548: gcc -o conftest -g -O2 -ffile-prefix-map=/home/hamonikr/workspaces/tmp/ubiquity-22.04.20=. -flto=auto -ffat-lto-objects -flto=auto -ffat-lto-objects -fstack-protector-strong -Wformat -Werror=format-security -Wdate-time -D_FORTIFY_SOURCE=2 -Wl,-Bsymbolic-functions -flto=auto -ffat-lto-objects -flto=auto -Wl,-z,relro -Wl,-rpath -Wl,/foo conftest.c  >&5
configure:11548: $? = 0
configure:11799: result: GNU/Linux ld.so
configure:11921: checking how to hardcode library paths into programs
configure:11946: result: immediate
configure:12498: checking whether stripping libraries is possible
configure:12503: result: yes
configure:12538: checking if libtool supports shared libraries
configure:12540: result: yes
configure:12543: checking whether to build shared libraries
configure:12568: result: yes
configure:12571: checking whether to build static libraries
configure:12575: result: yes
configure:12621: checking whether NLS is requested
configure:12631: result: yes
configure:12672: checking for msgfmt
configure: trying /usr/bin/msgfmt...
0 translated messages.
configure:12705: result: /usr/bin/msgfmt
configure:12714: checking for gmsgfmt
configure:12750: result: /usr/bin/msgfmt
configure:12801: checking for xgettext
configure: trying /usr/bin/xgettext...
/usr/bin/xgettext: warning: file '/dev/null' extension '' is unknown; will try C
configure:12834: result: /usr/bin/xgettext
configure:12880: checking for msgmerge
configure: trying /usr/bin/msgmerge...
configure:12912: result: /usr/bin/msgmerge
configure:12970: checking for ld used by GCC
configure:13035: result: /usr/bin/ld -m elf_x86_64
configure:13042: checking if the linker (/usr/bin/ld -m elf_x86_64) is GNU ld
configure:13056: result: yes
configure:13064: checking for shared library run path origin
configure:13078: result: done
configure:13581: checking for CFPreferencesCopyAppValue
configure:13600: gcc -o conftest -g -O2 -ffile-prefix-map=/home/hamonikr/workspaces/tmp/ubiquity-22.04.20=. -flto=auto -ffat-lto-objects -flto=auto -ffat-lto-objects -fstack-protector-strong -Wformat -Werror=format-security -Wdate-time -D_FORTIFY_SOURCE=2 -Wl,-Bsymbolic-functions -flto=auto -ffat-lto-objects -flto=auto -Wl,-z,relro conftest.c  -Wl,-framework -Wl,CoreFoundation >&5
conftest.c:23:10: fatal error: CoreFoundation/CFPreferences.h: No such file or directory
   23 | #include <CoreFoundation/CFPreferences.h>
      |          ^~~~~~~~~~~~~~~~~~~~~~~~~~~~~~~~
compilation terminated.
configure:13600: $? = 1
configure: failed program was:
| /* confdefs.h */
| #define PACKAGE_NAME "ubiquity"
| #define PACKAGE_TARNAME "ubiquity"
| #define PACKAGE_VERSION "2.21"
| #define PACKAGE_STRING "ubiquity 2.21"
| #define PACKAGE_BUGREPORT "https://launchpad.net/ubuntu/+source/ubiquity/+filebug"
| #define PACKAGE_URL ""
| #define PACKAGE "ubiquity"
| #define VERSION "2.21"
| #define HAVE_STDIO_H 1
| #define HAVE_STDLIB_H 1
| #define HAVE_STRING_H 1
| #define HAVE_INTTYPES_H 1
| #define HAVE_STDINT_H 1
| #define HAVE_STRINGS_H 1
| #define HAVE_SYS_STAT_H 1
| #define HAVE_SYS_TYPES_H 1
| #define HAVE_UNISTD_H 1
| #define STDC_HEADERS 1
| #define HAVE_DLFCN_H 1
| #define LT_OBJDIR ".libs/"
| /* end confdefs.h.  */
| #include <CoreFoundation/CFPreferences.h>
| int
| main (void)
| {
| CFPreferencesCopyAppValue(NULL, NULL)
|   ;
|   return 0;
| }
configure:13610: result: no
configure:13617: checking for CFLocaleCopyCurrent
configure:13636: gcc -o conftest -g -O2 -ffile-prefix-map=/home/hamonikr/workspaces/tmp/ubiquity-22.04.20=. -flto=auto -ffat-lto-objects -flto=auto -ffat-lto-objects -fstack-protector-strong -Wformat -Werror=format-security -Wdate-time -D_FORTIFY_SOURCE=2 -Wl,-Bsymbolic-functions -flto=auto -ffat-lto-objects -flto=auto -Wl,-z,relro conftest.c  -Wl,-framework -Wl,CoreFoundation >&5
conftest.c:23:10: fatal error: CoreFoundation/CFLocale.h: No such file or directory
   23 | #include <CoreFoundation/CFLocale.h>
      |          ^~~~~~~~~~~~~~~~~~~~~~~~~~~
compilation terminated.
configure:13636: $? = 1
configure: failed program was:
| /* confdefs.h */
| #define PACKAGE_NAME "ubiquity"
| #define PACKAGE_TARNAME "ubiquity"
| #define PACKAGE_VERSION "2.21"
| #define PACKAGE_STRING "ubiquity 2.21"
| #define PACKAGE_BUGREPORT "https://launchpad.net/ubuntu/+source/ubiquity/+filebug"
| #define PACKAGE_URL ""
| #define PACKAGE "ubiquity"
| #define VERSION "2.21"
| #define HAVE_STDIO_H 1
| #define HAVE_STDLIB_H 1
| #define HAVE_STRING_H 1
| #define HAVE_INTTYPES_H 1
| #define HAVE_STDINT_H 1
| #define HAVE_STRINGS_H 1
| #define HAVE_SYS_STAT_H 1
| #define HAVE_SYS_TYPES_H 1
| #define HAVE_UNISTD_H 1
| #define STDC_HEADERS 1
| #define HAVE_DLFCN_H 1
| #define LT_OBJDIR ".libs/"
| /* end confdefs.h.  */
| #include <CoreFoundation/CFLocale.h>
| int
| main (void)
| {
| CFLocaleCopyCurrent();
|   ;
|   return 0;
| }
configure:13646: result: no
configure:13695: checking for GNU gettext in libc
configure:13716: gcc -o conftest -g -O2 -ffile-prefix-map=/home/hamonikr/workspaces/tmp/ubiquity-22.04.20=. -flto=auto -ffat-lto-objects -flto=auto -ffat-lto-objects -fstack-protector-strong -Wformat -Werror=format-security -Wdate-time -D_FORTIFY_SOURCE=2 -Wl,-Bsymbolic-functions -flto=auto -ffat-lto-objects -flto=auto -Wl,-z,relro conftest.c  >&5
configure:13716: $? = 0
configure:13726: result: yes
configure:14482: checking whether to use NLS
configure:14484: result: yes
configure:14487: checking where the gettext function comes from
configure:14498: result: libc
configure:14573: checking for intltool >= 0.40.0
configure:14575: result: 0.51.0 found
configure:14583: checking for intltool-update
configure:14606: found /usr/bin/intltool-update
configure:14618: result: /usr/bin/intltool-update
configure:14628: checking for intltool-merge
configure:14651: found /usr/bin/intltool-merge
configure:14663: result: /usr/bin/intltool-merge
configure:14673: checking for intltool-extract
configure:14696: found /usr/bin/intltool-extract
configure:14708: result: /usr/bin/intltool-extract
configure:14862: checking for xgettext
configure:14897: result: /usr/bin/xgettext
configure:14907: checking for msgmerge
configure:14942: result: /usr/bin/msgmerge
configure:14952: checking for msgfmt
configure:14987: result: /usr/bin/msgfmt
configure:14997: checking for gmsgfmt
configure:15033: result: /usr/bin/msgfmt
configure:15053: checking for perl
configure:15076: found /usr/bin/perl
configure:15088: result: /usr/bin/perl
configure:15099: checking for perl >= 5.8.1
configure:15106: result: 5.34.0
configure:15180: checking for gcc
configure:15212: result: gcc
configure:15565: checking for C compiler version
configure:15574: gcc --version >&5
gcc (Ubuntu 11.4.0-1ubuntu1~22.04) 11.4.0
Copyright (C) 2021 Free Software Foundation, Inc.
This is free software; see the source for copying conditions.  There is NO
warranty; not even for MERCHANTABILITY or FITNESS FOR A PARTICULAR PURPOSE.

configure:15585: $? = 0
configure:15574: gcc -v >&5
Using built-in specs.
COLLECT_GCC=gcc
COLLECT_LTO_WRAPPER=/usr/lib/gcc/x86_64-linux-gnu/11/lto-wrapper
OFFLOAD_TARGET_NAMES=nvptx-none:amdgcn-amdhsa
OFFLOAD_TARGET_DEFAULT=1
Target: x86_64-linux-gnu
Configured with: ../src/configure -v --with-pkgversion='Ubuntu 11.4.0-1ubuntu1~22.04' --with-bugurl=file:///usr/share/doc/gcc-11/README.Bugs --enable-languages=c,ada,c++,go,brig,d,fortran,objc,obj-c++,m2 --prefix=/usr --with-gcc-major-version-only --program-suffix=-11 --program-prefix=x86_64-linux-gnu- --enable-shared --enable-linker-build-id --libexecdir=/usr/lib --without-included-gettext --enable-threads=posix --libdir=/usr/lib --enable-nls --enable-bootstrap --enable-clocale=gnu --enable-libstdcxx-debug --enable-libstdcxx-time=yes --with-default-libstdcxx-abi=new --enable-gnu-unique-object --disable-vtable-verify --enable-plugin --enable-default-pie --with-system-zlib --enable-libphobos-checking=release --with-target-system-zlib=auto --enable-objc-gc=auto --enable-multiarch --disable-werror --enable-cet --with-arch-32=i686 --with-abi=m64 --with-multilib-list=m32,m64,mx32 --enable-multilib --with-tune=generic --enable-offload-targets=nvptx-none=/build/gcc-11-XeT9lY/gcc-11-11.4.0/debian/tmp-nvptx/usr,amdgcn-amdhsa=/build/gcc-11-XeT9lY/gcc-11-11.4.0/debian/tmp-gcn/usr --without-cuda-driver --enable-checking=release --build=x86_64-linux-gnu --host=x86_64-linux-gnu --target=x86_64-linux-gnu --with-build-config=bootstrap-lto-lean --enable-link-serialization=2
Thread model: posix
Supported LTO compression algorithms: zlib zstd
gcc version 11.4.0 (Ubuntu 11.4.0-1ubuntu1~22.04) 
... rest of stderr output deleted ...
configure:15585: $? = 0
configure:15574: gcc -V >&5
gcc: error: unrecognized command-line option '-V'
gcc: fatal error: no input files
compilation terminated.
configure:15585: $? = 1
configure:15574: gcc -qversion >&5
gcc: error: unrecognized command-line option '-qversion'; did you mean '--version'?
gcc: fatal error: no input files
compilation terminated.
configure:15585: $? = 1
configure:15574: gcc -version >&5
gcc: error: unrecognized command-line option '-version'
gcc: fatal error: no input files
compilation terminated.
configure:15585: $? = 1
configure:15589: checking whether the compiler supports GNU C
configure:15619: result: yes
configure:15630: checking whether gcc accepts -g
configure:15695: result: yes
configure:15715: checking for gcc option to enable C11 features
configure:15748: result: none needed
configure:15864: checking whether gcc understands -c and -o together
configure:15902: result: yes
configure:15921: checking dependency style of gcc
configure:16033: result: none
configure:16049: checking whether make sets $(MAKE)
configure:16072: result: yes
configure:16146: checking for pkg-config
configure:16169: found /usr/bin/pkg-config
configure:16181: result: /usr/bin/pkg-config
configure:16206: checking pkg-config is at least version 0.9.0
configure:16209: result: yes
configure:16219: checking for glib-2.0
			  gtk+-3.0 >= 3.1.4
			  indicator3-0.4 >= 12.10.2
			  x11
configure:16232: $PKG_CONFIG --exists --print-errors "glib-2.0
			  gtk+-3.0 >= $GTK3_REQUIRED
			  indicator3-0.4 >= $INDICATOR_REQUIRED
			  x11"
configure:16241: $? = 0
configure:16258: $PKG_CONFIG --exists --print-errors "glib-2.0
			  gtk+-3.0 >= $GTK3_REQUIRED
			  indicator3-0.4 >= $INDICATOR_REQUIRED
			  x11"
configure:16267: $? = 0
configure:16337: result: yes
configure:16345: checking for glib-2.0
			  gio-2.0
configure:16354: $PKG_CONFIG --exists --print-errors "glib-2.0
			  gio-2.0"
configure:16359: $? = 0
configure:16374: $PKG_CONFIG --exists --print-errors "glib-2.0
			  gio-2.0"
configure:16379: $? = 0
configure:16441: result: yes
configure:16459: checking for gobject-introspection
configure:16490: $PKG_CONFIG --exists --print-errors "gobject-introspection-1.0 >= 0.6.7"
configure:16493: $? = 0
configure:16505: result: yes
configure:16719: checking that generated files are newer than configure
configure:16725: result: done
configure:16764: creating ./config.status

## ---------------- ##
## Cache variables. ##
## ---------------- ##

ac_cv_build=x86_64-pc-linux-gnu
ac_cv_c_compiler_gnu=yes
ac_cv_env_CC_set=
ac_cv_env_CC_value=
ac_cv_env_CFLAGS_set=set
ac_cv_env_CFLAGS_value='-g -O2 -ffile-prefix-map=/home/hamonikr/workspaces/tmp/ubiquity-22.04.20=. -flto=auto -ffat-lto-objects -flto=auto -ffat-lto-objects -fstack-protector-strong -Wformat -Werror=format-security'
ac_cv_env_CPPFLAGS_set=set
ac_cv_env_CPPFLAGS_value='-Wdate-time -D_FORTIFY_SOURCE=2'
ac_cv_env_LDFLAGS_set=set
ac_cv_env_LDFLAGS_value='-Wl,-Bsymbolic-functions -flto=auto -ffat-lto-objects -flto=auto -Wl,-z,relro'
ac_cv_env_LIBS_set=
ac_cv_env_LIBS_value=
ac_cv_env_LT_SYS_LIBRARY_PATH_set=
ac_cv_env_LT_SYS_LIBRARY_PATH_value=
ac_cv_env_MOCK_RESOLVER_CFLAGS_set=
ac_cv_env_MOCK_RESOLVER_CFLAGS_value=
ac_cv_env_MOCK_RESOLVER_LIBS_set=
ac_cv_env_MOCK_RESOLVER_LIBS_value=
ac_cv_env_PANEL_CFLAGS_set=
ac_cv_env_PANEL_CFLAGS_value=
ac_cv_env_PANEL_LIBS_set=
ac_cv_env_PANEL_LIBS_value=
ac_cv_env_PKG_CONFIG_LIBDIR_set=
ac_cv_env_PKG_CONFIG_LIBDIR_value=
ac_cv_env_PKG_CONFIG_PATH_set=
ac_cv_env_PKG_CONFIG_PATH_value=
ac_cv_env_PKG_CONFIG_set=
ac_cv_env_PKG_CONFIG_value=
ac_cv_env_build_alias_set=set
ac_cv_env_build_alias_value=x86_64-linux-gnu
ac_cv_env_host_alias_set=
ac_cv_env_host_alias_value=
ac_cv_env_target_alias_set=
ac_cv_env_target_alias_value=
ac_cv_header_dlfcn_h=yes
ac_cv_header_inttypes_h=yes
ac_cv_header_stdint_h=yes
ac_cv_header_stdio_h=yes
ac_cv_header_stdlib_h=yes
ac_cv_header_string_h=yes
ac_cv_header_strings_h=yes
ac_cv_header_sys_stat_h=yes
ac_cv_header_sys_types_h=yes
ac_cv_header_unistd_h=yes
ac_cv_host=x86_64-pc-linux-gnu
ac_cv_objext=o
ac_cv_path_EGREP='/usr/bin/grep -E'
ac_cv_path_FGREP='/usr/bin/grep -F'
ac_cv_path_GMSGFMT=/usr/bin/msgfmt
ac_cv_path_GREP=/usr/bin/grep
ac_cv_path_INTLTOOL_EXTRACT=/usr/bin/intltool-extract
ac_cv_path_INTLTOOL_MERGE=/usr/bin/intltool-merge
ac_cv_path_INTLTOOL_PERL=/usr/bin/perl
ac_cv_path_INTLTOOL_UPDATE=/usr/bin/intltool-update
ac_cv_path_MSGFMT=/usr/bin/msgfmt
ac_cv_path_MSGMERGE=/usr/bin/msgmerge
ac_cv_path_SED=/usr/bin/sed
ac_cv_path_XGETTEXT=/usr/bin/xgettext
ac_cv_path_ac_pt_PKG_CONFIG=/usr/bin/pkg-config
ac_cv_path_install='/usr/bin/install -c'
ac_cv_path_lt_DD=/usr/bin/dd
ac_cv_path_mkdir=/usr/bin/mkdir
ac_cv_prog_AWK=gawk
ac_cv_prog_ac_ct_AR=ar
ac_cv_prog_ac_ct_CC=gcc
ac_cv_prog_ac_ct_MANIFEST_TOOL=mt
ac_cv_prog_ac_ct_OBJDUMP=objdump
ac_cv_prog_ac_ct_RANLIB=ranlib
ac_cv_prog_ac_ct_STRIP=strip
ac_cv_prog_cc_c11=
ac_cv_prog_cc_g=yes
ac_cv_prog_cc_stdc=
ac_cv_prog_make_make_set=yes
acl_cv_hardcode_direct=no
acl_cv_hardcode_libdir_flag_spec='${wl}-rpath ${wl}$libdir'
acl_cv_hardcode_libdir_separator=
acl_cv_hardcode_minus_L=no
acl_cv_libext=a
acl_cv_libname_spec='lib$name'
acl_cv_library_names_spec='$libname$shrext'
acl_cv_path_LD='/usr/bin/ld -m elf_x86_64'
acl_cv_prog_gnu_ld=yes
acl_cv_rpath=done
acl_cv_shlibext=so
acl_cv_wl=-Wl,
am_cv_CC_dependencies_compiler_type=none
am_cv_make_support_nested_variables=yes
am_cv_prog_cc_c_o=yes
gt_cv_func_CFLocaleCopyCurrent=no
gt_cv_func_CFPreferencesCopyAppValue=no
gt_cv_func_gnugettext1_libc=yes
lt_cv_ar_at_file=@
lt_cv_archive_cmds_need_lc=no
lt_cv_deplibs_check_method=pass_all
lt_cv_file_magic_cmd='$MAGIC_CMD'
lt_cv_file_magic_test_file=
lt_cv_ld_reload_flag=-r
lt_cv_nm_interface='BSD nm'
lt_cv_objdir=.libs
lt_cv_path_LD=/usr/bin/ld
lt_cv_path_NM='/usr/bin/nm -B'
lt_cv_path_mainfest_tool=no
lt_cv_prog_compiler_c_o=yes
lt_cv_prog_compiler_pic='-fPIC -DPIC'
lt_cv_prog_compiler_pic_works=yes
lt_cv_prog_compiler_rtti_exceptions=no
lt_cv_prog_compiler_static_works=yes
lt_cv_prog_gnu_ld=yes
lt_cv_sharedlib_from_linklib_cmd='printf %s\n'
lt_cv_shlibpath_overrides_runpath=yes
lt_cv_sys_global_symbol_pipe='sed -n -e '\''s/^.*[	 ]\([ABCDGIRSTW][ABCDGIRSTW]*\)[	 ][	 ]*\([_A-Za-z][_A-Za-z0-9]*\)$/\1 \2 \2/p'\'' | sed '\''/ __gnu_lto/d'\'''
lt_cv_sys_global_symbol_to_c_name_address='sed -n -e '\''s/^: \(.*\) .*$/  {"\1", (void *) 0},/p'\'' -e '\''s/^[ABCDGIRSTW][ABCDGIRSTW]* .* \(.*\)$/  {"\1", (void *) \&\1},/p'\'''
lt_cv_sys_global_symbol_to_c_name_address_lib_prefix='sed -n -e '\''s/^: \(.*\) .*$/  {"\1", (void *) 0},/p'\'' -e '\''s/^[ABCDGIRSTW][ABCDGIRSTW]* .* \(lib.*\)$/  {"\1", (void *) \&\1},/p'\'' -e '\''s/^[ABCDGIRSTW][ABCDGIRSTW]* .* \(.*\)$/  {"lib\1", (void *) \&\1},/p'\'''
lt_cv_sys_global_symbol_to_cdecl='sed -n -e '\''s/^T .* \(.*\)$/extern int \1();/p'\'' -e '\''s/^[ABCDGIRSTW][ABCDGIRSTW]* .* \(.*\)$/extern char \1;/p'\'''
lt_cv_sys_global_symbol_to_import=
lt_cv_sys_max_cmd_len=1572864
lt_cv_to_host_file_cmd=func_convert_file_noop
lt_cv_to_tool_file_cmd=func_convert_file_noop
lt_cv_truncate_bin='/usr/bin/dd bs=4096 count=1'
pkg_cv_MOCK_RESOLVER_CFLAGS='-pthread -I/usr/include/libmount -I/usr/include/blkid -I/usr/include/glib-2.0 -I/usr/lib/x86_64-linux-gnu/glib-2.0/include'
pkg_cv_MOCK_RESOLVER_LIBS='-lgio-2.0 -lgobject-2.0 -lglib-2.0'
pkg_cv_PANEL_CFLAGS='-pthread -I/usr/include/libindicator3-0.4 -I/usr/include/gtk-3.0 -I/usr/include/at-spi2-atk/2.0 -I/usr/include/at-spi-2.0 -I/usr/include/dbus-1.0 -I/usr/lib/x86_64-linux-gnu/dbus-1.0/include -I/usr/include/gtk-3.0 -I/usr/include/gio-unix-2.0 -I/usr/include/cairo -I/usr/include/pango-1.0 -I/usr/include/harfbuzz -I/usr/include/pango-1.0 -I/usr/include/fribidi -I/usr/include/harfbuzz -I/usr/include/atk-1.0 -I/usr/include/cairo -I/usr/include/pixman-1 -I/usr/include/uuid -I/usr/include/freetype2 -I/usr/include/gdk-pixbuf-2.0 -I/usr/include/libpng16 -I/usr/include/x86_64-linux-gnu -I/usr/include/libmount -I/usr/include/blkid -I/usr/include/glib-2.0 -I/usr/lib/x86_64-linux-gnu/glib-2.0/include'
pkg_cv_PANEL_LIBS='-lindicator3 -lgtk-3 -lgdk-3 -lpangocairo-1.0 -lpango-1.0 -lharfbuzz -latk-1.0 -lcairo-gobject -lcairo -lgdk_pixbuf-2.0 -lgio-2.0 -lgobject-2.0 -lglib-2.0 -lX11'

## ----------------- ##
## Output variables. ##
## ----------------- ##

ACLOCAL='${SHELL} '\''/home/hamonikr/workspaces/ubiquity/build/missing'\'' aclocal-1.16'
ALL_LINGUAS=''
AMDEPBACKSLASH=''
AMDEP_FALSE=''
AMDEP_TRUE='#'
AMTAR='$${TAR-tar}'
AM_BACKSLASH='\'
AM_DEFAULT_V='$(AM_DEFAULT_VERBOSITY)'
AM_DEFAULT_VERBOSITY='1'
AM_V='$(V)'
AR='ar'
AUTOCONF='${SHELL} '\''/home/hamonikr/workspaces/ubiquity/build/missing'\'' autoconf'
AUTOHEADER='${SHELL} '\''/home/hamonikr/workspaces/ubiquity/build/missing'\'' autoheader'
AUTOMAKE='${SHELL} '\''/home/hamonikr/workspaces/ubiquity/build/missing'\'' automake-1.16'
AWK='gawk'
CC='gcc'
CCDEPMODE='depmode=none'
CFLAGS='-g -O2 -ffile-prefix-map=/home/hamonikr/workspaces/tmp/ubiquity-22.04.20=. -flto=auto -ffat-lto-objects -flto=auto -ffat-lto-objects -fstack-protector-strong -Wformat -Werror=format-security'
CPPFLAGS='-Wdate-time -D_FORTIFY_SOURCE=2'
CSCOPE='cscope'
CTAGS='ctags'
CYGPATH_W='echo'
DEFS='-DHAVE_CONFIG_H'
DEPDIR='.deps'
DLLTOOL='false'
DSYMUTIL=''
DUMPBIN=''
ECHO_C=''
ECHO_N='-n'
ECHO_T=''
EGREP='/usr/bin/grep -E'
ETAGS='etags'
EXEEXT=''
FGREP='/usr/bin/grep -F'
GETTEXT_MACRO_VERSION='0.17'
GETTEXT_PACKAGE='ubiquity'
GMSGFMT='/usr/bin/msgfmt'
GMSGFMT_015='/usr/bin/msgfmt'
GREP='/usr/bin/grep'
HAVE_INTROSPECTION_FALSE='#'
HAVE_INTROSPECTION_TRUE=''
INDICATOR_DIR='${datarootdir}/unity/indicators'
INSTALL_DATA='${INSTALL} -m 644'
INSTALL_PROGRAM='${INSTALL}'
INSTALL_SCRIPT='${INSTALL}'
INSTALL_STRIP_PROGRAM='$(install_sh) -c -s'
INTLLIBS=''
INTLTOOL_CAVES_RULE='%.caves:     %.caves.in     $(INTLTOOL_MERGE) $(wildcard $(top_srcdir)/po/*.po) ; $(INTLTOOL_V_MERGE)LC_ALL=C $(INTLTOOL_MERGE) $(INTLTOOL_V_MERGE_OPTIONS) -d -u -c $(top_builddir)/po/.intltool-merge-cache $(top_srcdir)/po $< $@'
INTLTOOL_DESKTOP_RULE='%.desktop:   %.desktop.in   $(INTLTOOL_MERGE) $(wildcard $(top_srcdir)/po/*.po) ; $(INTLTOOL_V_MERGE)LC_ALL=C $(INTLTOOL_MERGE) $(INTLTOOL_V_MERGE_OPTIONS) -d -u -c $(top_builddir)/po/.intltool-merge-cache $(top_srcdir)/po $< $@'
INTLTOOL_DIRECTORY_RULE='%.directory: %.directory.in $(INTLTOOL_MERGE) $(wildcard $(top_srcdir)/po/*.po) ; $(INTLTOOL_V_MERGE)LC_ALL=C $(INTLTOOL_MERGE) $(INTLTOOL_V_MERGE_OPTIONS) -d -u -c $(top_builddir)/po/.intltool-merge-cache $(top_srcdir)/po $< $@'
INTLTOOL_EXTRACT='/usr/bin/intltool-extract'
INTLTOOL_KBD_RULE='%.kbd:       %.kbd.in       $(INTLTOOL_MERGE) $(wildcard $(top_srcdir)/po/*.po) ; $(INTLTOOL_V_MERGE)LC_ALL=C $(INTLTOOL_MERGE) $(INTLTOOL_V_MERGE_OPTIONS) -x -u -m -c $(top_builddir)/po/.intltool-merge-cache $(top_srcdir)/po $< $@'
INTLTOOL_KEYS_RULE='%.keys:      %.keys.in      $(INTLTOOL_MERGE) $(wildcard $(top_srcdir)/po/*.po) ; $(INTLTOOL_V_MERGE)LC_ALL=C $(INTLTOOL_MERGE) $(INTLTOOL_V_MERGE_OPTIONS) -k -u -c $(top_builddir)/po/.intltool-merge-cache $(top_srcdir)/po $< $@'
INTLTOOL_MERGE='/usr/bin/intltool-merge'
INTLTOOL_OAF_RULE='%.oaf:       %.oaf.in       $(INTLTOOL_MERGE) $(wildcard $(top_srcdir)/po/*.po) ; $(INTLTOOL_V_MERGE)LC_ALL=C $(INTLTOOL_MERGE) $(INTLTOOL_V_MERGE_OPTIONS) -o -p $(top_srcdir)/po $< $@'
INTLTOOL_PERL='/usr/bin/perl'
INTLTOOL_POLICY_RULE='%.policy:    %.policy.in    $(INTLTOOL_MERGE) $(wildcard $(top_srcdir)/po/*.po) ; $(INTLTOOL_V_MERGE)LC_ALL=C $(INTLTOOL_MERGE) $(INTLTOOL_V_MERGE_OPTIONS) -x -u -c $(top_builddir)/po/.intltool-merge-cache $(top_srcdir)/po $< $@'
INTLTOOL_PONG_RULE='%.pong:      %.pong.in      $(INTLTOOL_MERGE) $(wildcard $(top_srcdir)/po/*.po) ; $(INTLTOOL_V_MERGE)LC_ALL=C $(INTLTOOL_MERGE) $(INTLTOOL_V_MERGE_OPTIONS) -x -u -c $(top_builddir)/po/.intltool-merge-cache $(top_srcdir)/po $< $@'
INTLTOOL_PROP_RULE='%.prop:      %.prop.in      $(INTLTOOL_MERGE) $(wildcard $(top_srcdir)/po/*.po) ; $(INTLTOOL_V_MERGE)LC_ALL=C $(INTLTOOL_MERGE) $(INTLTOOL_V_MERGE_OPTIONS) -d -u -c $(top_builddir)/po/.intltool-merge-cache $(top_srcdir)/po $< $@'
INTLTOOL_SCHEMAS_RULE='%.schemas:   %.schemas.in   $(INTLTOOL_MERGE) $(wildcard $(top_srcdir)/po/*.po) ; $(INTLTOOL_V_MERGE)LC_ALL=C $(INTLTOOL_MERGE) $(INTLTOOL_V_MERGE_OPTIONS) -s -u -c $(top_builddir)/po/.intltool-merge-cache $(top_srcdir)/po $< $@'
INTLTOOL_SERVER_RULE='%.server:    %.server.in    $(INTLTOOL_MERGE) $(wildcard $(top_srcdir)/po/*.po) ; $(INTLTOOL_V_MERGE)LC_ALL=C $(INTLTOOL_MERGE) $(INTLTOOL_V_MERGE_OPTIONS) -o -u -c $(top_builddir)/po/.intltool-merge-cache $(top_srcdir)/po $< $@'
INTLTOOL_SERVICE_RULE='%.service: %.service.in   $(INTLTOOL_MERGE) $(wildcard $(top_srcdir)/po/*.po) ; $(INTLTOOL_V_MERGE)LC_ALL=C $(INTLTOOL_MERGE) $(INTLTOOL_V_MERGE_OPTIONS) -d -u -c $(top_builddir)/po/.intltool-merge-cache $(top_srcdir)/po $< $@'
INTLTOOL_SHEET_RULE='%.sheet:     %.sheet.in     $(INTLTOOL_MERGE) $(wildcard $(top_srcdir)/po/*.po) ; $(INTLTOOL_V_MERGE)LC_ALL=C $(INTLTOOL_MERGE) $(INTLTOOL_V_MERGE_OPTIONS) -x -u -c $(top_builddir)/po/.intltool-merge-cache $(top_srcdir)/po $< $@'
INTLTOOL_SOUNDLIST_RULE='%.soundlist: %.soundlist.in $(INTLTOOL_MERGE) $(wildcard $(top_srcdir)/po/*.po) ; $(INTLTOOL_V_MERGE)LC_ALL=C $(INTLTOOL_MERGE) $(INTLTOOL_V_MERGE_OPTIONS) -d -u -c $(top_builddir)/po/.intltool-merge-cache $(top_srcdir)/po $< $@'
INTLTOOL_THEME_RULE='%.theme:     %.theme.in     $(INTLTOOL_MERGE) $(wildcard $(top_srcdir)/po/*.po) ; $(INTLTOOL_V_MERGE)LC_ALL=C $(INTLTOOL_MERGE) $(INTLTOOL_V_MERGE_OPTIONS) -d -u -c $(top_builddir)/po/.intltool-merge-cache $(top_srcdir)/po $< $@'
INTLTOOL_UI_RULE='%.ui:        %.ui.in        $(INTLTOOL_MERGE) $(wildcard $(top_srcdir)/po/*.po) ; $(INTLTOOL_V_MERGE)LC_ALL=C $(INTLTOOL_MERGE) $(INTLTOOL_V_MERGE_OPTIONS) -x -u -c $(top_builddir)/po/.intltool-merge-cache $(top_srcdir)/po $< $@'
INTLTOOL_UPDATE='/usr/bin/intltool-update'
INTLTOOL_V_MERGE='$(INTLTOOL__v_MERGE_$(V))'
INTLTOOL_V_MERGE_OPTIONS='$(intltool__v_merge_options_$(V))'
INTLTOOL_XAM_RULE='%.xam:       %.xml.in       $(INTLTOOL_MERGE) $(wildcard $(top_srcdir)/po/*.po) ; $(INTLTOOL_V_MERGE)LC_ALL=C $(INTLTOOL_MERGE) $(INTLTOOL_V_MERGE_OPTIONS) -x -u -c $(top_builddir)/po/.intltool-merge-cache $(top_srcdir)/po $< $@'
INTLTOOL_XML_NOMERGE_RULE='%.xml:       %.xml.in       $(INTLTOOL_MERGE) ; $(INTLTOOL_V_MERGE)LC_ALL=C $(INTLTOOL_MERGE) $(INTLTOOL_V_MERGE_OPTIONS) -x -u --no-translations $< $@'
INTLTOOL_XML_RULE='%.xml:       %.xml.in       $(INTLTOOL_MERGE) $(wildcard $(top_srcdir)/po/*.po) ; $(INTLTOOL_V_MERGE)LC_ALL=C $(INTLTOOL_MERGE) $(INTLTOOL_V_MERGE_OPTIONS) -x -u -c $(top_builddir)/po/.intltool-merge-cache $(top_srcdir)/po $< $@'
INTLTOOL__v_MERGE_0='@echo "  ITMRG " $@;'
INTLTOOL__v_MERGE_='$(INTLTOOL__v_MERGE_$(AM_DEFAULT_VERBOSITY))'
INTL_MACOSX_LIBS=''
INTROSPECTION_CFLAGS='-I/usr/include/gobject-introspection-1.0 -I/usr/include/glib-2.0 -I/usr/lib/x86_64-linux-gnu/glib-2.0/include'
INTROSPECTION_COMPILER='/usr/bin/g-ir-compiler'
INTROSPECTION_GENERATE='/usr/bin/g-ir-generate'
INTROSPECTION_GIRDIR='/usr/share/gir-1.0'
INTROSPECTION_LIBS='-lgirepository-1.0 -lgobject-2.0 -lglib-2.0'
INTROSPECTION_MAKEFILE='/usr/share/gobject-introspection-1.0/Makefile.introspection'
INTROSPECTION_SCANNER='/usr/bin/g-ir-scanner'
INTROSPECTION_TYPELIBDIR='/usr/lib/x86_64-linux-gnu/girepository-1.0'
LD='/usr/bin/ld -m elf_x86_64'
LDFLAGS='-Wl,-Bsymbolic-functions -flto=auto -ffat-lto-objects -flto=auto -Wl,-z,relro'
LIBICONV='-liconv'
LIBINTL=''
LIBOBJS=''
LIBS=''
LIBTOOL='$(SHELL) $(top_builddir)/libtool'
LIPO=''
LN_S='ln -s'
LTLIBICONV='-liconv'
LTLIBINTL=''
LTLIBOBJS=''
LT_SYS_LIBRARY_PATH=''
MAINT='#'
MAINTAINER_MODE_FALSE=''
MAINTAINER_MODE_TRUE='#'
MAKEINFO='${SHELL} '\''/home/hamonikr/workspaces/ubiquity/build/missing'\'' makeinfo'
MANIFEST_TOOL=':'
MKDIR_P='/usr/bin/mkdir -p'
MOCK_RESOLVER_CFLAGS='-pthread -I/usr/include/libmount -I/usr/include/blkid -I/usr/include/glib-2.0 -I/usr/lib/x86_64-linux-gnu/glib-2.0/include'
MOCK_RESOLVER_LIBS='-lgio-2.0 -lgobject-2.0 -lglib-2.0'
MSGFMT='/usr/bin/msgfmt'
MSGFMT_015='/usr/bin/msgfmt'
MSGMERGE='/usr/bin/msgmerge'
NM='/usr/bin/nm -B'
NMEDIT=''
OBJDUMP='objdump'
OBJEXT='o'
OTOOL64=''
OTOOL=''
PACKAGE='ubiquity'
PACKAGE_BUGREPORT='https://launchpad.net/ubuntu/+source/ubiquity/+filebug'
PACKAGE_NAME='ubiquity'
PACKAGE_STRING='ubiquity 2.21'
PACKAGE_TARNAME='ubiquity'
PACKAGE_URL=''
PACKAGE_VERSION='2.21'
PANEL_CFLAGS='-pthread -I/usr/include/libindicator3-0.4 -I/usr/include/gtk-3.0 -I/usr/include/at-spi2-atk/2.0 -I/usr/include/at-spi-2.0 -I/usr/include/dbus-1.0 -I/usr/lib/x86_64-linux-gnu/dbus-1.0/include -I/usr/include/gtk-3.0 -I/usr/include/gio-unix-2.0 -I/usr/include/cairo -I/usr/include/pango-1.0 -I/usr/include/harfbuzz -I/usr/include/pango-1.0 -I/usr/include/fribidi -I/usr/include/harfbuzz -I/usr/include/atk-1.0 -I/usr/include/cairo -I/usr/include/pixman-1 -I/usr/include/uuid -I/usr/include/freetype2 -I/usr/include/gdk-pixbuf-2.0 -I/usr/include/libpng16 -I/usr/include/x86_64-linux-gnu -I/usr/include/libmount -I/usr/include/blkid -I/usr/include/glib-2.0 -I/usr/lib/x86_64-linux-gnu/glib-2.0/include'
PANEL_LIBS='-lindicator3 -lgtk-3 -lgdk-3 -lpangocairo-1.0 -lpango-1.0 -lharfbuzz -latk-1.0 -lcairo-gobject -lcairo -lgdk_pixbuf-2.0 -lgio-2.0 -lgobject-2.0 -lglib-2.0 -lX11'
PATH_SEPARATOR=':'
PKG_CONFIG='/usr/bin/pkg-config'
PKG_CONFIG_LIBDIR=''
PKG_CONFIG_PATH=''
POSUB='po'
RANLIB='ranlib'
SED='/usr/bin/sed'
SET_MAKE=''
SHELL='/bin/bash'
STRIP='strip'
USE_NLS='yes'
VERSION='2.21'
XGETTEXT='/usr/bin/xgettext'
XGETTEXT_015='/usr/bin/xgettext'
XGETTEXT_EXTRA_OPTIONS=''
_GI_EXP_DATADIR='/usr/share'
_GI_EXP_LIBDIR='/usr/lib/x86_64-linux-gnu'
ac_ct_AR='ar'
ac_ct_CC='gcc'
ac_ct_DUMPBIN=''
am__EXEEXT_FALSE=''
am__EXEEXT_TRUE='#'
am__fastdepCC_FALSE=''
am__fastdepCC_TRUE='#'
am__include='include'
am__isrc=''
am__leading_dot='.'
am__nodep=''
am__quote=''
am__tar='$${TAR-tar} chof - "$$tardir"'
am__untar='$${TAR-tar} xf -'
bindir='${exec_prefix}/bin'
build='x86_64-pc-linux-gnu'
build_alias='x86_64-linux-gnu'
build_cpu='x86_64'
build_os='linux-gnu'
build_vendor='pc'
datadir='${datarootdir}'
datarootdir='${prefix}/share'
docdir='${datarootdir}/doc/${PACKAGE_TARNAME}'
dvidir='${docdir}'
exec_prefix='${prefix}'
host='x86_64-pc-linux-gnu'
host_alias=''
host_cpu='x86_64'
host_os='linux-gnu'
host_vendor='pc'
htmldir='${docdir}'
includedir='${prefix}/include'
infodir='${prefix}/share/info'
install_sh='${SHELL} /home/hamonikr/workspaces/ubiquity/build/install-sh'
intltool__v_merge_options_0='-q'
intltool__v_merge_options_='$(intltool__v_merge_options_$(AM_DEFAULT_VERBOSITY))'
libdir='${prefix}/lib/x86_64-linux-gnu'
libexecdir='${prefix}/lib'
localedir='${datarootdir}/locale'
localstatedir='/var'
mandir='${prefix}/share/man'
mkdir_p='/usr/bin/mkdir -p'
oldincludedir='/usr/include'
pdfdir='${docdir}'
pixmapsdir='${datarootdir}/ubiquity/pixmaps'
prefix='/usr'
program_transform_name='s,x,x,'
psdir='${docdir}'
runstatedir='${localstatedir}/run'
sbindir='${exec_prefix}/sbin'
sharedstatedir='${prefix}/com'
sysconfdir='/etc'
target_alias=''

## ----------- ##
## confdefs.h. ##
## ----------- ##

/* confdefs.h */
#define PACKAGE_NAME "ubiquity"
#define PACKAGE_TARNAME "ubiquity"
#define PACKAGE_VERSION "2.21"
#define PACKAGE_STRING "ubiquity 2.21"
#define PACKAGE_BUGREPORT "https://launchpad.net/ubuntu/+source/ubiquity/+filebug"
#define PACKAGE_URL ""
#define PACKAGE "ubiquity"
#define VERSION "2.21"
#define HAVE_STDIO_H 1
#define HAVE_STDLIB_H 1
#define HAVE_STRING_H 1
#define HAVE_INTTYPES_H 1
#define HAVE_STDINT_H 1
#define HAVE_STRINGS_H 1
#define HAVE_SYS_STAT_H 1
#define HAVE_SYS_TYPES_H 1
#define HAVE_UNISTD_H 1
#define STDC_HEADERS 1
#define HAVE_DLFCN_H 1
#define LT_OBJDIR ".libs/"
#define ENABLE_NLS 1
#define HAVE_GETTEXT 1
#define HAVE_DCGETTEXT 1
#define PIXMAPS_DIR "${datarootdir}/ubiquity/pixmaps"

configure: exit 0

## ---------------------- ##
## Running config.status. ##
## ---------------------- ##

This file was extended by ubiquity config.status 2.21, which was
generated by GNU Autoconf 2.71.  Invocation command line was

  CONFIG_FILES    = 
  CONFIG_HEADERS  = 
  CONFIG_LINKS    = 
  CONFIG_COMMANDS = 
  $ ./config.status 

on uc2204

config.status:1196: creating src/Makefile
config.status:1196: creating src/panel/Makefile
config.status:1196: creating src/mockresolver/Makefile
config.status:1196: creating Makefile
config.status:1196: creating data/Makefile
config.status:1196: creating data/icons/Makefile
config.status:1196: creating pixmaps/Makefile
config.status:1196: creating po/Makefile.in
config.status:1196: creating config.h
config.status:1377: config.h is unchanged
config.status:1425: executing depfiles commands
config.status:1425: executing libtool commands
config.status:1425: executing po-directories commands
config.status:1425: executing po/stamp-it commands
